Case #1: 
422
525
643
643
522
563
552
424
632
632
542
424
424
653
564
632
643
555
353
542
425
555
555
542
425
643
353
524
555
425
542
353
224
525
424
553
542
552
364
422
333
424
333
552
422
542
643
224
422
536
632
554
535
425
643
542
365
242
555
643
536
424
524
424
364
542
542
353
424
643
333
643
525
424
632
242
525
643
336
364
535
242
535
364
242
425
422
554
643
542
554
426
643
424
424
423
542
423
424
242
