Case #1: 
632
632
524
364
632
653
542
522
522
522
254
364
425
542
423
245
542
523
542
523
422
632
422
632
545
422
654
542
342
426
425
643
353
534
523
322
542
426
425
542
362
523
245
643
364
542
524
426
643
632
542
526
542
522
535
542
534
643
564
542
542
523
632
425
325
364
422
362
643
542
364
423
542
524
354
632
426
524
424
364
532
643
542
632
532
533
532
643
364
542
423
524
542
342
425
364
643
235
523
354
